app/build/outputs/logs/manifest-merger-debug-report.txt
-- Merging decision tree log ---
manifest
ADDED from src\main\AndroidManifest.xml:2:1-59:12
	package
		ADDED from src\main\AndroidManifest.xml:3:5-30
		INJECTED from src\main\AndroidManifest.xml
		INJECTED from src\main\AndroidManifest.xml
	android:versionName
		ADDED from src\main\AndroidManifest.xml:5:5-30
		INJECTED from src\main\AndroidManifest.xml
		INJECTED from src\main\AndroidManifest.xml
	android:versionCode
		ADDED from src\main\AndroidManifest.xml:4:5-28
		INJECTED from src\main\AndroidManifest.xml
		INJECTED from src\main\AndroidManifest.xml
	xmlns:android
		ADDED from src\main\AndroidManifest.xml:2:11-69
uses-permission#android.permission.INTERNET
ADDED from src\main\AndroidManifest.xml:7:5-67
	android:name
		ADDED from src\main\AndroidManifest.xml:7:22-64
uses-permission#android.permission.WRITE_EXTERNAL_STORAGE
ADDED from src\main\AndroidManifest.xml:8:2-77
	android:name
		ADDED from src\main\AndroidManifest.xml:8:19-75
uses-sdk
ADDED from src\main\AndroidManifest.xml:10:5-12:41
MERGED from [com.android.support:gridlayout-v7:19.1.0] AndroidManifest.xml:18:5-42
	android:targetSdkVersion
		ADDED from src\main\AndroidManifest.xml:12:9-38
		INJECTED from src\main\AndroidManifest.xml
		INJECTED from src\main\AndroidManifest.xml
	android:minSdkVersion
		ADDED from src\main\AndroidManifest.xml:11:9-35
		INJECTED from src\main\AndroidManifest.xml
		INJECTED from src\main\AndroidManifest.xml
application
ADDED from src\main\AndroidManifest.xml:14:5-56:19
MERGED from [com.android.support:gridlayout-v7:19.1.0] AndroidManifest.xml:19:5-20
	android:label
		ADDED from src\main\AndroidManifest.xml:17:9-41
	android:allowBackup
		ADDED from src\main\AndroidManifest.xml:15:9-35
	android:icon
		ADDED from src\main\AndroidManifest.xml:16:9-45
	android:theme
		ADDED from src\main\AndroidManifest.xml:18:9-40
activity#pruebas.prueba1.MainActivity
ADDED from src\main\AndroidManifest.xml:19:9-27:20
	android:label
		ADDED from src\main\AndroidManifest.xml:21:13-45
	android:name
		ADDED from src\main\AndroidManifest.xml:20:13-56
intent-filter#android.intent.action.MAIN+android.intent.category.LAUNCHER
ADDED from src\main\AndroidManifest.xml:22:13-26:29
	android:label
		ADDED from src\main\AndroidManifest.xml:22:28-60
action#android.intent.action.MAIN
ADDED from src\main\AndroidManifest.xml:23:17-69
	android:name
		ADDED from src\main\AndroidManifest.xml:23:25-66
category#android.intent.category.LAUNCHER
ADDED from src\main\AndroidManifest.xml:25:17-77
	android:name
		ADDED from src\main\AndroidManifest.xml:25:27-74
activity#pruebas.prueba1.AnadirPelicula
ADDED from src\main\AndroidManifest.xml:29:9-33:20
	android:label
		ADDED from src\main\AndroidManifest.xml:30:19-64
	android:windowSoftInputMode
		ADDED from src\main\AndroidManifest.xml:31:19-61
	android:name
		ADDED from src\main\AndroidManifest.xml:29:19-64
activity#pruebas.prueba1.search.ActivitySearch
ADDED from src\main\AndroidManifest.xml:35:9-38:20
	android:label
		ADDED from src\main\AndroidManifest.xml:37:13-45
	android:name
		ADDED from src\main\AndroidManifest.xml:36:13-65
activity#pruebas.prueba1.video.alter.GetVideoURLAlter
ADDED from src\main\AndroidManifest.xml:40:9-43:20
	android:label
		ADDED from src\main\AndroidManifest.xml:41:19-64
	android:name
		ADDED from src\main\AndroidManifest.xml:40:19-78
activity#pruebas.prueba1.mostrarPelicula.InfoMovieSearch
ADDED from src\main\AndroidManifest.xml:45:9-49:20
	android:label
		ADDED from src\main\AndroidManifest.xml:46:19-64
	android:configChanges
		ADDED from src\main\AndroidManifest.xml:47:19-80
	android:name
		ADDED from src\main\AndroidManifest.xml:45:19-81
activity#pruebas.prueba1.mostrarPelicula.InfoMovieDatabase
ADDED from src\main\AndroidManifest.xml:51:9-55:20
	android:label
		ADDED from src\main\AndroidManifest.xml:52:19-64
	android:configChanges
		ADDED from src\main\AndroidManifest.xml:53:19-80
	android:name
		ADDED from src\main\AndroidManifest.xml:51:19-83